<?xml version="1.0" encoding="UTF-8"?>
<!-- Generated by org.testng.reporters.JUnitReportReporter -->
<testsuite hostname="Austins-MacBook-Air.local" failures="0" tests="1" name="com.example.CucumberRunner" time="26.852" errors="0" timestamp="2023-10-15T23:19:33 PDT" skipped="0">
  <testcase classname="com.example.CucumberRunner" name="runScenario" time="26.852"/>
  <system-out/>
</testsuite> <!-- com.example.CucumberRunner -->
